<?xml version="1.0" encoding="UTF-8"?>
<!-- Generated by org.testng.reporters.JUnitReportReporter -->
<testsuite hostname="DESKTOP-HM6FEBP" failures="0" tests="1" name="basictestApi.SumValidation" time="2.746" errors="0" timestamp="2024-12-24T15:12:29 AST" skipped="0">
  <testcase classname="basictestApi.SumValidation" name="sumofcourses" time="2.746"/>
</testsuite> <!-- basictestApi.SumValidation -->
