<?xml version="1.0" encoding="UTF-8"?>
<!-- Generated by org.testng.reporters.JUnitReportReporter -->
<testsuite hostname="DESKTOP-HM6FEBP" failures="0" tests="3" name="files.DynamicJson" time="8.095" errors="0" timestamp="2024-12-27T14:07:47 AST" skipped="0">
  <testcase classname="files.DynamicJson" name="addBook" time="0.980"/>
  <testcase classname="files.DynamicJson" name="addBook" time="0.993"/>
  <testcase classname="files.DynamicJson" name="addBook" time="6.122"/>
</testsuite> <!-- files.DynamicJson -->
